<?xml version="1.0" encoding="UTF-8"?>
<testng-results ignored="0" total="3" passed="2" failed="1" skipped="0">
  <reporter-output>
    <line>
      <![CDATA[TC3 Running]]>
    </line>
    <line>
      <![CDATA[TC 1 running]]>
    </line>
  </reporter-output>
  <suite started-at="2023-01-04T12:13:18 IST" name="Suite" finished-at="2023-01-04T12:13:19 IST" duration-ms="683">
    <groups>
    </groups>
    <test started-at="2023-01-04T12:13:18 IST" name="Test" finished-at="2023-01-04T12:13:19 IST" duration-ms="683">
      <class name="testcases.Tc3Test">
        <test-method signature="m3()[pri:0, instance:testcases.Tc3Test@35aea049]" started-at="2023-01-04T12:13:19 IST" name="m3" finished-at="2023-01-04T12:13:19 IST" duration-ms="27" status="PASS">
          <reporter-output>
            <line>
              <![CDATA[TC3 Running]]>
            </line>
          </reporter-output>
        </test-method> <!-- m3 -->
      </class> <!-- testcases.Tc3Test -->
      <class name="testcases.Tc1Tes">
        <test-method signature="m1()[pri:0, instance:testcases.Tc1Tes@58d75e99]" started-at="2023-01-04T12:13:19 IST" name="m1" finished-at="2023-01-04T12:13:19 IST" duration-ms="6" status="PASS">
          <reporter-output>
            <line>
              <![CDATA[TC 1 running]]>
            </line>
          </reporter-output>
        </test-method> <!-- m1 -->
      </class> <!-- testcases.Tc1Tes -->
      <class name="testcases.TC2Test">
        <test-method signature="m2()[pri:0, instance:testcases.TC2Test@74751b3]" started-at="2023-01-04T12:13:19 IST" name="m2" finished-at="2023-01-04T12:13:19 IST" duration-ms="10" status="FAIL">
          <exception class="java.lang.Error">
            <message>
              <![CDATA[Unresolved compilation problem: 
Syntax error on tokens, delete these tokens
]]>
            </message>
            <full-stacktrace>
              <![CDATA[java.lang.Error: Unresolved compilation problem: 
Syntax error on tokens, delete these tokens

at testcases.TC2Test.m2(TC2Test.java:16)
at java.base/jdk.internal.reflect.NativeMethodAccessorImpl.invoke0(Native Method)
at java.base/jdk.internal.reflect.NativeMethodAccessorImpl.invoke(NativeMethodAccessorImpl.java:78)
at java.base/jdk.internal.reflect.DelegatingMethodAccessorImpl.invoke(DelegatingMethodAccessorImpl.java:43)
at java.base/java.lang.reflect.Method.invoke(Method.java:567)
at org.testng.internal.MethodInvocationHelper.invokeMethod(MethodInvocationHelper.java:133)
at org.testng.internal.TestInvoker.invokeMethod(TestInvoker.java:598)
at org.testng.internal.TestInvoker.invokeTestMethod(TestInvoker.java:173)
at org.testng.internal.MethodRunner.runInSequence(MethodRunner.java:46)
at org.testng.internal.TestInvoker$MethodInvocationAgent.invoke(TestInvoker.java:824)
at org.testng.internal.TestInvoker.invokeTestMethods(TestInvoker.java:146)
at org.testng.internal.TestMethodWorker.invokeTestMethods(TestMethodWorker.java:146)
at org.testng.internal.TestMethodWorker.run(TestMethodWorker.java:128)
at java.base/java.util.ArrayList.forEach(ArrayList.java:1511)
at org.testng.TestRunner.privateRun(TestRunner.java:794)
at org.testng.TestRunner.run(TestRunner.java:596)
at org.testng.SuiteRunner.runTest(SuiteRunner.java:377)
at org.testng.SuiteRunner.runSequentially(SuiteRunner.java:371)
at org.testng.SuiteRunner.privateRun(SuiteRunner.java:332)
at org.testng.SuiteRunner.run(SuiteRunner.java:276)
at org.testng.SuiteRunnerWorker.runSuite(SuiteRunnerWorker.java:53)
at org.testng.SuiteRunnerWorker.run(SuiteRunnerWorker.java:96)
at org.testng.TestNG.runSuitesSequentially(TestNG.java:1212)
at org.testng.TestNG.runSuitesLocally(TestNG.java:1134)
at org.testng.TestNG.runSuites(TestNG.java:1063)
at org.testng.TestNG.run(TestNG.java:1031)
at org.testng.remote.AbstractRemoteTestNG.run(AbstractRemoteTestNG.java:115)
at org.testng.remote.RemoteTestNG.initAndRun(RemoteTestNG.java:251)
at org.testng.remote.RemoteTestNG.main(RemoteTestNG.java:77)
]]>
            </full-stacktrace>
          </exception> <!-- java.lang.Error -->
          <reporter-output>
          </reporter-output>
        </test-method> <!-- m2 -->
      </class> <!-- testcases.TC2Test -->
    </test> <!-- Test -->
  </suite> <!-- Suite -->
</testng-results>
