<?xml version="1.0" encoding="UTF-8"?>
<!-- Generated by org.testng.reporters.JUnitXMLReporter -->
<testsuite ignored="0" hostname="DESKTOP-UVE6BKF" failures="1" tests="3" name="Test" time="0.683" errors="0" timestamp="2023-01-04T12:13:20 IST">
  <testcase classname="testcases.Tc3Test" name="m3" time="0.027"/>
  <testcase classname="testcases.Tc1Tes" name="m1" time="0.006"/>
  <testcase classname="testcases.TC2Test" name="m2" time="0.01">
    <failure type="java.lang.Error" message="Unresolved compilation problem: 
	Syntax error on tokens, delete these tokens
">
      <![CDATA[java.lang.Error: Unresolved compilation problem: 
Syntax error on tokens, delete these tokens

at testcases.TC2Test.m2(TC2Test.java:16)
at java.base/java.util.ArrayList.forEach(ArrayList.java:1511)
... Removed 27 stack frames]]>
    </failure>
  </testcase> <!-- m2 -->
</testsuite> <!-- Test -->
